<?xml version="1.0" encoding="UTF-8"?><testrun name="TupleDescTest" project="mysimpledb" tests="9" started="9" failures="1" errors="1" ignored="0">
  <testsuite name="simpledb.TupleDescTest" time="0.001">
    <testcase name="combine" classname="simpledb.TupleDescTest" time="0.0"/>
    <testcase name="getType" classname="simpledb.TupleDescTest" time="0.0"/>
    <testcase name="getSize" classname="simpledb.TupleDescTest" time="0.0"/>
    <testcase name="numFields" classname="simpledb.TupleDescTest" time="0.0"/>
    <testcase name="getFieldName" classname="simpledb.TupleDescTest" time="0.0"/>
    <testcase name="testEquals" classname="simpledb.TupleDescTest" time="0.0"/>
    <testcase name="testToString" classname="simpledb.TupleDescTest" time="0.0">
      <failure>
        <expected>fieldA(INT_TYPE), fieldB(STRING_TYPE)</expected>
        <actual>fieldA(INT_TYPE)fieldB(STRING_TYPE)</actual>org.junit.ComparisonFailure: expected:&lt;fieldA(INT_TYPE)[, ]fieldB(STRING_TYPE)&gt; but was:&lt;fieldA(INT_TYPE)[]fieldB(STRING_TYPE)&gt;&#13;
	at org.junit.Assert.assertEquals(Assert.java:123)&#13;
	at org.junit.Assert.assertEquals(Assert.java:145)&#13;
	at simpledb.TupleDescTest.testToString(TupleDescTest.java:209)&#13;
	at sun.reflect.NativeMethodAccessorImpl.invoke0(Native Method)&#13;
	at sun.reflect.NativeMethodAccessorImpl.invoke(Unknown Source)&#13;
	at sun.reflect.DelegatingMethodAccessorImpl.invoke(Unknown Source)&#13;
	at java.lang.reflect.Method.invoke(Unknown Source)&#13;
	at org.junit.runners.model.FrameworkMethod$1.runReflectiveCall(FrameworkMethod.java:44)&#13;
	at org.junit.internal.runners.model.ReflectiveCallable.run(ReflectiveCallable.java:15)&#13;
	at org.junit.runners.model.FrameworkMethod.invokeExplosively(FrameworkMethod.java:41)&#13;
	at org.junit.internal.runners.statements.InvokeMethod.evaluate(InvokeMethod.java:20)&#13;
	at org.junit.internal.runners.statements.RunBefores.evaluate(RunBefores.java:28)&#13;
	at org.junit.internal.runners.statements.RunAfters.evaluate(RunAfters.java:31)&#13;
	at org.junit.runners.BlockJUnit4ClassRunner.runChild(BlockJUnit4ClassRunner.java:73)&#13;
	at org.junit.runners.BlockJUnit4ClassRunner.runChild(BlockJUnit4ClassRunner.java:46)&#13;
	at org.junit.runners.ParentRunner.runChildren(ParentRunner.java:180)&#13;
	at org.junit.runners.ParentRunner.access$000(ParentRunner.java:41)&#13;
	at org.junit.runners.ParentRunner$1.evaluate(ParentRunner.java:173)&#13;
	at org.junit.internal.runners.statements.RunBefores.evaluate(RunBefores.java:28)&#13;
	at org.junit.internal.runners.statements.RunAfters.evaluate(RunAfters.java:31)&#13;
	at org.junit.runners.ParentRunner.run(ParentRunner.java:220)&#13;
	at junit.framework.JUnit4TestAdapter.run(JUnit4TestAdapter.java:39)&#13;
	at org.junit.internal.runners.JUnit38ClassRunner.run(JUnit38ClassRunner.java:79)&#13;
	at org.eclipse.jdt.internal.junit4.runner.JUnit4TestReference.run(JUnit4TestReference.java:50)&#13;
	at org.eclipse.jdt.internal.junit.runner.TestExecution.run(TestExecution.java:38)&#13;
	at org.eclipse.jdt.internal.junit.runner.RemoteTestRunner.runTests(RemoteTestRunner.java:459)&#13;
	at org.eclipse.jdt.internal.junit.runner.RemoteTestRunner.runTests(RemoteTestRunner.java:675)&#13;
	at org.eclipse.jdt.internal.junit.runner.RemoteTestRunner.run(RemoteTestRunner.java:382)&#13;
	at org.eclipse.jdt.internal.junit.runner.RemoteTestRunner.main(RemoteTestRunner.java:192)&#13;
&#13;
</failure>
    </testcase>
    <testcase name="testIterator" classname="simpledb.TupleDescTest" time="0.001"/>
    <testcase name="nameToId" classname="simpledb.TupleDescTest" time="0.0">
      <error>java.lang.NullPointerException&#13;
	at simpledb.TupleDesc.fieldNameToIndex(TupleDesc.java:118)&#13;
	at simpledb.TupleDescTest.nameToId(TupleDescTest.java:149)&#13;
	at sun.reflect.NativeMethodAccessorImpl.invoke0(Native Method)&#13;
	at sun.reflect.NativeMethodAccessorImpl.invoke(Unknown Source)&#13;
	at sun.reflect.DelegatingMethodAccessorImpl.invoke(Unknown Source)&#13;
	at java.lang.reflect.Method.invoke(Unknown Source)&#13;
	at org.junit.runners.model.FrameworkMethod$1.runReflectiveCall(FrameworkMethod.java:44)&#13;
	at org.junit.internal.runners.model.ReflectiveCallable.run(ReflectiveCallable.java:15)&#13;
	at org.junit.runners.model.FrameworkMethod.invokeExplosively(FrameworkMethod.java:41)&#13;
	at org.junit.internal.runners.statements.InvokeMethod.evaluate(InvokeMethod.java:20)&#13;
	at org.junit.internal.runners.statements.RunBefores.evaluate(RunBefores.java:28)&#13;
	at org.junit.internal.runners.statements.RunAfters.evaluate(RunAfters.java:31)&#13;
	at org.junit.runners.BlockJUnit4ClassRunner.runChild(BlockJUnit4ClassRunner.java:73)&#13;
	at org.junit.runners.BlockJUnit4ClassRunner.runChild(BlockJUnit4ClassRunner.java:46)&#13;
	at org.junit.runners.ParentRunner.runChildren(ParentRunner.java:180)&#13;
	at org.junit.runners.ParentRunner.access$000(ParentRunner.java:41)&#13;
	at org.junit.runners.ParentRunner$1.evaluate(ParentRunner.java:173)&#13;
	at org.junit.internal.runners.statements.RunBefores.evaluate(RunBefores.java:28)&#13;
	at org.junit.internal.runners.statements.RunAfters.evaluate(RunAfters.java:31)&#13;
	at org.junit.runners.ParentRunner.run(ParentRunner.java:220)&#13;
	at junit.framework.JUnit4TestAdapter.run(JUnit4TestAdapter.java:39)&#13;
	at org.junit.internal.runners.JUnit38ClassRunner.run(JUnit38ClassRunner.java:79)&#13;
	at org.eclipse.jdt.internal.junit4.runner.JUnit4TestReference.run(JUnit4TestReference.java:50)&#13;
	at org.eclipse.jdt.internal.junit.runner.TestExecution.run(TestExecution.java:38)&#13;
	at org.eclipse.jdt.internal.junit.runner.RemoteTestRunner.runTests(RemoteTestRunner.java:459)&#13;
	at org.eclipse.jdt.internal.junit.runner.RemoteTestRunner.runTests(RemoteTestRunner.java:675)&#13;
	at org.eclipse.jdt.internal.junit.runner.RemoteTestRunner.run(RemoteTestRunner.java:382)&#13;
	at org.eclipse.jdt.internal.junit.runner.RemoteTestRunner.main(RemoteTestRunner.java:192)&#13;
&#13;
</error>
    </testcase>
  </testsuite>
</testrun>
