<?xml version="1.0" encoding="UTF-8"?><testrun name="Rerun simpledb.systemtest.ScanTest.testSmall" project="mysimpledb" tests="1" started="1" failures="0" errors="1" ignored="0">
  <testcase name="testSmall" classname="simpledb.systemtest.ScanTest" time="0.049">
    <error>java.util.NoSuchElementException: does not have next
	at simpledb.HeapPage$myIterator.next(HeapPage.java:385)
	at simpledb.HeapPage$myIterator.next(HeapPage.java:1)
	at simpledb.HeapFile$myIterator.fetchNext(HeapFile.java:153)
	at simpledb.HeapFile$myIterator.hasNext(HeapFile.java:139)
	at simpledb.SeqScan.hasNext(SeqScan.java:88)
	at simpledb.systemtest.SystemTestUtil.matchTuples(SystemTestUtil.java:126)
	at simpledb.systemtest.SystemTestUtil.matchTuples(SystemTestUtil.java:111)
	at simpledb.systemtest.SystemTestUtil.matchTuples(SystemTestUtil.java:104)
	at simpledb.systemtest.ScanTest.validateScan(ScanTest.java:50)
	at simpledb.systemtest.ScanTest.testSmall(ScanTest.java:64)
	at sun.reflect.NativeMethodAccessorImpl.invoke0(Native Method)
	at sun.reflect.NativeMethodAccessorImpl.invoke(NativeMethodAccessorImpl.java:57)
	at sun.reflect.DelegatingMethodAccessorImpl.invoke(DelegatingMethodAccessorImpl.java:43)
	at java.lang.reflect.Method.invoke(Method.java:606)
	at org.junit.runners.model.FrameworkMethod$1.runReflectiveCall(FrameworkMethod.java:44)
	at org.junit.internal.runners.model.ReflectiveCallable.run(ReflectiveCallable.java:15)
	at org.junit.runners.model.FrameworkMethod.invokeExplosively(FrameworkMethod.java:41)
	at org.junit.internal.runners.statements.InvokeMethod.evaluate(InvokeMethod.java:20)
	at org.junit.internal.runners.statements.RunBefores.evaluate(RunBefores.java:28)
	at org.junit.internal.runners.statements.RunAfters.evaluate(RunAfters.java:31)
	at org.junit.runners.BlockJUnit4ClassRunner.runChild(BlockJUnit4ClassRunner.java:73)
	at org.junit.runners.BlockJUnit4ClassRunner.runChild(BlockJUnit4ClassRunner.java:46)
	at org.junit.runners.ParentRunner.runChildren(ParentRunner.java:180)
	at org.junit.runners.ParentRunner.access$000(ParentRunner.java:41)
	at org.junit.runners.ParentRunner$1.evaluate(ParentRunner.java:173)
	at org.junit.internal.runners.statements.RunBefores.evaluate(RunBefores.java:28)
	at org.junit.internal.runners.statements.RunAfters.evaluate(RunAfters.java:31)
	at org.junit.runners.ParentRunner.run(ParentRunner.java:220)
	at org.eclipse.jdt.internal.junit4.runner.JUnit4TestReference.run(JUnit4TestReference.java:50)
	at org.eclipse.jdt.internal.junit.runner.TestExecution.run(TestExecution.java:38)
	at org.eclipse.jdt.internal.junit.runner.RemoteTestRunner.runTests(RemoteTestRunner.java:467)
	at org.eclipse.jdt.internal.junit.runner.RemoteTestRunner.runTests(RemoteTestRunner.java:683)
	at org.eclipse.jdt.internal.junit.runner.RemoteTestRunner.run(RemoteTestRunner.java:390)
	at org.eclipse.jdt.internal.junit.runner.RemoteTestRunner.main(RemoteTestRunner.java:197)

</error>
  </testcase>
</testrun>
